Using pre-set license
Built from '2020.3/staging' branch; Version is '2020.3.30f1 (1fb1bf06830e) revision 2077119'; Using compiler version '192528614'; Build Type 'Release'
OS: 'Windows 10  (10.0.19044) 64bit Core' Language: 'en' Physical Memory: 14188 MB
BatchMode: 1, IsHumanControllingUs: 0, StartBugReporterOnCrash: 0, Is64bit: 1, IsPro: 0

COMMAND LINE ARGUMENTS:
C:\Program Files\Unity\Hub\Editor\2020.3.30f1\Editor\Unity.exe
-adb2
-batchMode
-noUpm
-name
AssetImportWorker0
-projectPath
D:/Unity Git/Armadillo-game/Armadillo
-logFile
Logs/AssetImportWorker0.log
-srvPort
53059
Successfully changed project path to: D:/Unity Git/Armadillo-game/Armadillo
D:/Unity Git/Armadillo-game/Armadillo
Using Asset Import Pipeline V2.
Refreshing native plugins compatible for Editor in 23.86 ms, found 2 plugins.
Preloading 0 native plugins for Editor in 0.00 ms.
Initialize engine version: 2020.3.30f1 (1fb1bf06830e)
[Subsystems] Discovering subsystems at path C:/Program Files/Unity/Hub/Editor/2020.3.30f1/Editor/Data/Resources/UnitySubsystems
[Subsystems] Discovering subsystems at path D:/Unity Git/Armadillo-game/Armadillo/Assets
GfxDevice: creating device client; threaded=0
Direct3D:
    Version:  Direct3D 11.0 [level 11.1]
    Renderer: NVIDIA GeForce RTX 3050 Ti Laptop GPU (ID=0x25e0)
    Vendor:   
    VRAM:     3990 MB
    Driver:   30.0.14.9709
Initialize mono
Mono path[0] = 'C:/Program Files/Unity/Hub/Editor/2020.3.30f1/Editor/Data/Managed'
Mono path[1] = 'C:/Program Files/Unity/Hub/Editor/2020.3.30f1/Editor/Data/MonoBleedingEdge/lib/mono/unityjit'
Mono config path = 'C:/Program Files/Unity/Hub/Editor/2020.3.30f1/Editor/Data/MonoBleedingEdge/etc'
Using monoOptions --debugger-agent=transport=dt_socket,embedding=1,server=y,suspend=n,address=127.0.0.1:56808
Begin MonoManager ReloadAssembly
Registering precompiled unity dll's ...
Register platform support module: C:/Program Files/Unity/Hub/Editor/2020.3.30f1/Editor/Data/PlaybackEngines/WindowsStandaloneSupport/UnityEditor.WindowsStandalone.Extensions.dll
Registered in 0.001589 seconds.
Native extension for WindowsStandalone target not found
Refreshing native plugins compatible for Editor in 22.10 ms, found 2 plugins.
Preloading 0 native plugins for Editor in 0.00 ms.
Mono: successfully reloaded assembly
- Completed reload, in  0.421 seconds
Domain Reload Profiling:
	ReloadAssembly (421ms)
		BeginReloadAssembly (52ms)
			ExecutionOrderSort (0ms)
			DisableScriptedObjects (0ms)
			BackupInstance (0ms)
			ReleaseScriptingObjects (0ms)
			CreateAndSetChildDomain (1ms)
		EndReloadAssembly (310ms)
			LoadAssemblies (50ms)
			RebuildTransferFunctionScriptingTraits (0ms)
			SetupTypeCache (99ms)
			ReleaseScriptCaches (0ms)
			RebuildScriptCaches (19ms)
			SetupLoadedEditorAssemblies (119ms)
				LogAssemblyErrors (0ms)
				InitializePlatformSupportModulesInManaged (4ms)
				SetLoadedEditorAssemblies (0ms)
				RefreshPlugins (22ms)
				BeforeProcessingInitializeOnLoad (13ms)
				ProcessInitializeOnLoadAttributes (60ms)
				ProcessInitializeOnLoadMethodAttributes (21ms)
				AfterProcessingInitializeOnLoad (0ms)
				EditorAssembliesLoaded (0ms)
			ExecutionOrderSort2 (0ms)
			AwakeInstancesAfterBackupRestoration (0ms)
Platform modules already initialized, skipping
Registering precompiled user dll's ...
Registered in 0.001646 seconds.
Begin MonoManager ReloadAssembly
Native extension for WindowsStandalone target not found
Refreshing native plugins compatible for Editor in 0.33 ms, found 2 plugins.
Preloading 0 native plugins for Editor in 0.00 ms.
Mono: successfully reloaded assembly
- Completed reload, in  0.687 seconds
Domain Reload Profiling:
	ReloadAssembly (687ms)
		BeginReloadAssembly (107ms)
			ExecutionOrderSort (0ms)
			DisableScriptedObjects (4ms)
			BackupInstance (0ms)
			ReleaseScriptingObjects (0ms)
			CreateAndSetChildDomain (16ms)
		EndReloadAssembly (537ms)
			LoadAssemblies (70ms)
			RebuildTransferFunctionScriptingTraits (0ms)
			SetupTypeCache (174ms)
			ReleaseScriptCaches (0ms)
			RebuildScriptCaches (26ms)
			SetupLoadedEditorAssemblies (216ms)
				LogAssemblyErrors (0ms)
				InitializePlatformSupportModulesInManaged (3ms)
				SetLoadedEditorAssemblies (0ms)
				RefreshPlugins (0ms)
				BeforeProcessingInitializeOnLoad (56ms)
				ProcessInitializeOnLoadAttributes (143ms)
				ProcessInitializeOnLoadMethodAttributes (7ms)
				AfterProcessingInitializeOnLoad (5ms)
				EditorAssembliesLoaded (0ms)
			ExecutionOrderSort2 (0ms)
			AwakeInstancesAfterBackupRestoration (5ms)
Platform modules already initialized, skipping
========================================================================
Worker process is ready to serve import requests
Launched and connected shader compiler UnityShaderCompiler.exe after 0.03 seconds
Refreshing native plugins compatible for Editor in 0.32 ms, found 2 plugins.
Preloading 0 native plugins for Editor in 0.00 ms.
Unloading 1502 Unused Serialized files (Serialized files now loaded: 0)
System memory in use before: 68.9 MB.
System memory in use after: 69.0 MB.

Unloading 16 unused Assets to reduce memory usage. Loaded Objects now: 1937.
Total: 2.514300 ms (FindLiveObjects: 0.103000 ms CreateObjectMapping: 0.038900 ms MarkObjects: 2.310700 ms  DeleteObjects: 0.061100 ms)

AssetImportParameters requested are different than current active one (requested -> active):
  custom:framework-win-MediaFoundation: 216162199b28c13a410421893ffa2e32 -> 
  custom:video-decoder-ogg-theora: a1e56fd34408186e4bbccfd4996cb3dc -> 
  custom:container-muxer-webm: aa71ff27fc2769a1b78a27578f13a17b -> 
  custom:container-demuxer-webm: 4f35f7cbe854078d1ac9338744f61a02 -> 
  custom:container-demuxer-ogg: 62fdf1f143b41e24485cea50d1cbac27 -> 
  custom:video-encoder-webm-vp8: eb34c28f22e8b96e1ab97ce403110664 -> 
  custom:video-codec-MediaFoundation-h265: 746d11721c4dcdbdad8f713fa42b33f4 -> 
  custom:video-decoder-webm-vp8: 9c59270c3fd7afecdb556c50c9e8de78 -> 
  custom:audio-decoder-ogg-vorbis: bf7c407c2cedff20999df2af8eb42d56 -> 
  custom:audio-encoder-webm-vorbis: bf7c407c2cedff20999df2af8eb42d56 -> 
========================================================================
Received Import Request.
  path: Assets/Untit3led-2.psd
  artifactKey: Guid(bddf2abb3391a164dbebe15fde8f5598) Importer(815301076,1909f56bfc062723c751e8b465ee728b)
Start importing Assets/Untit3led-2.psd using Guid(bddf2abb3391a164dbebe15fde8f5598) Importer(815301076,1909f56bfc062723c751e8b465ee728b)  -> (artifact id: '70eb8d424d0180357e8734d3424bf21b') in 0.084739 seconds 
========================================================================
Received Import Request.
  Time since last request: 0.000105 seconds.
  path: Assets/desert sky.psd
  artifactKey: Guid(218b3062febe82743986151845335889) Importer(815301076,1909f56bfc062723c751e8b465ee728b)
Start importing Assets/desert sky.psd using Guid(218b3062febe82743986151845335889) Importer(815301076,1909f56bfc062723c751e8b465ee728b)  -> (artifact id: '1358ce1184a0f6b3c8e91129c926b905') in 0.007917 seconds 
========================================================================
Received Import Request.
  Time since last request: 0.000135 seconds.
  path: Assets/shotgun.fbx
  artifactKey: Guid(09da7a7dd2008154e80df240775e549f) Importer(815301076,1909f56bfc062723c751e8b465ee728b)
Start importing Assets/shotgun.fbx using Guid(09da7a7dd2008154e80df240775e549f) Importer(815301076,1909f56bfc062723c751e8b465ee728b)  -> (artifact id: 'fb0095e949bde64517a63d64a79e4b6b') in 0.091078 seconds 
========================================================================
Received Import Request.
  Time since last request: 0.000120 seconds.
  path: Assets/New Material.mat
  artifactKey: Guid(63726dd948f74f94ab413c3ab744c5d5) Importer(815301076,1909f56bfc062723c751e8b465ee728b)
Start importing Assets/New Material.mat using Guid(63726dd948f74f94ab413c3ab744c5d5) Importer(815301076,1909f56bfc062723c751e8b465ee728b)  -> (artifact id: 'dc1d0a830ab13456cc05236cadae2f3d') in 0.012225 seconds 
========================================================================
Received Import Request.
  Time since last request: 0.000195 seconds.
  path: Assets/Untitled-2.psd
  artifactKey: Guid(2cbcb1618cb648240ba6fa5c0bfbf3c2) Importer(815301076,1909f56bfc062723c751e8b465ee728b)
Start importing Assets/Untitled-2.psd using Guid(2cbcb1618cb648240ba6fa5c0bfbf3c2) Importer(815301076,1909f56bfc062723c751e8b465ee728b)  -> (artifact id: '6190a5553765e43b58d3fd6ae729d480') in 0.005990 seconds 
========================================================================
Received Import Request.
  Time since last request: 1041.961705 seconds.
  path: Assets/Assets/Hat.fbx
  artifactKey: Guid(87fc41f945e569044913e38c6c1c0b6d) Importer(815301076,1909f56bfc062723c751e8b465ee728b)
Start importing Assets/Assets/Hat.fbx using Guid(87fc41f945e569044913e38c6c1c0b6d) Importer(815301076,1909f56bfc062723c751e8b465ee728b)  -> (artifact id: 'ad672e97a05d09bed993fb28ec8ee792') in 0.024336 seconds 
========================================================================
Received Import Request.
  Time since last request: 0.000107 seconds.
  path: Assets/Assets/shack.fbx
  artifactKey: Guid(7145129f1a0f0a541880f1542771798a) Importer(815301076,1909f56bfc062723c751e8b465ee728b)
Start importing Assets/Assets/shack.fbx using Guid(7145129f1a0f0a541880f1542771798a) Importer(815301076,1909f56bfc062723c751e8b465ee728b)  -> (artifact id: '6174788c7653b7de68d8dac04a52b169') in 0.019012 seconds 
========================================================================
Received Import Request.
  Time since last request: 0.000106 seconds.
  path: Assets/Assets/Shotgun2.fbx
  artifactKey: Guid(9b3efee905b65b04faaa5be6eb2ff023) Importer(815301076,1909f56bfc062723c751e8b465ee728b)
Start importing Assets/Assets/Shotgun2.fbx using Guid(9b3efee905b65b04faaa5be6eb2ff023) Importer(815301076,1909f56bfc062723c751e8b465ee728b)  -> (artifact id: 'bd6f64751b83fa88d808ff0d9692c1db') in 0.039626 seconds 
========================================================================
Received Import Request.
  Time since last request: 18.302207 seconds.
  path: Assets/Assets/shack.fbx
  artifactKey: Guid(7145129f1a0f0a541880f1542771798a) Importer(815301076,1909f56bfc062723c751e8b465ee728b)
Start importing Assets/Assets/shack.fbx using Guid(7145129f1a0f0a541880f1542771798a) Importer(815301076,1909f56bfc062723c751e8b465ee728b)  -> (artifact id: '2a0a1333fdf3f14e1aecd5753912ebc2') in 0.018186 seconds 
========================================================================
Received Import Request.
  Time since last request: 0.000107 seconds.
  path: Assets/Assets/shack.psd
  artifactKey: Guid(89f3de84b2f17174d867908013ab6f22) Importer(815301076,1909f56bfc062723c751e8b465ee728b)
Start importing Assets/Assets/shack.psd using Guid(89f3de84b2f17174d867908013ab6f22) Importer(815301076,1909f56bfc062723c751e8b465ee728b)  -> (artifact id: '86246d6758830b1a89398fdac198cf31') in 0.007068 seconds 
AssetImportWorkerClient::OnTransportError - code=2 error=End of file
