Using pre-set license
Built from '2020.3/staging' branch; Version is '2020.3.30f1 (1fb1bf06830e) revision 2077119'; Using compiler version '192528614'; Build Type 'Release'
OS: 'Windows 10  (10.0.19044) 64bit Core' Language: 'en' Physical Memory: 14188 MB
BatchMode: 1, IsHumanControllingUs: 0, StartBugReporterOnCrash: 0, Is64bit: 1, IsPro: 0

COMMAND LINE ARGUMENTS:
C:\Program Files\Unity\Hub\Editor\2020.3.30f1\Editor\Unity.exe
-adb2
-batchMode
-noUpm
-name
AssetImportWorker0
-projectPath
D:/Unity Git/Armadillo-game/Armadillo
-logFile
Logs/AssetImportWorker0.log
-srvPort
63397
Successfully changed project path to: D:/Unity Git/Armadillo-game/Armadillo
D:/Unity Git/Armadillo-game/Armadillo
Using Asset Import Pipeline V2.
Refreshing native plugins compatible for Editor in 21.99 ms, found 2 plugins.
Preloading 0 native plugins for Editor in 0.00 ms.
Initialize engine version: 2020.3.30f1 (1fb1bf06830e)
[Subsystems] Discovering subsystems at path C:/Program Files/Unity/Hub/Editor/2020.3.30f1/Editor/Data/Resources/UnitySubsystems
[Subsystems] Discovering subsystems at path D:/Unity Git/Armadillo-game/Armadillo/Assets
GfxDevice: creating device client; threaded=0
Direct3D:
    Version:  Direct3D 11.0 [level 11.1]
    Renderer: NVIDIA GeForce RTX 3050 Ti Laptop GPU (ID=0x25e0)
    Vendor:   
    VRAM:     3990 MB
    Driver:   30.0.14.9709
Initialize mono
Mono path[0] = 'C:/Program Files/Unity/Hub/Editor/2020.3.30f1/Editor/Data/Managed'
Mono path[1] = 'C:/Program Files/Unity/Hub/Editor/2020.3.30f1/Editor/Data/MonoBleedingEdge/lib/mono/unityjit'
Mono config path = 'C:/Program Files/Unity/Hub/Editor/2020.3.30f1/Editor/Data/MonoBleedingEdge/etc'
Using monoOptions --debugger-agent=transport=dt_socket,embedding=1,server=y,suspend=n,address=127.0.0.1:56696
Begin MonoManager ReloadAssembly
Registering precompiled unity dll's ...
Register platform support module: C:/Program Files/Unity/Hub/Editor/2020.3.30f1/Editor/Data/PlaybackEngines/WindowsStandaloneSupport/UnityEditor.WindowsStandalone.Extensions.dll
Registered in 0.001600 seconds.
Native extension for WindowsStandalone target not found
Refreshing native plugins compatible for Editor in 22.50 ms, found 2 plugins.
Preloading 0 native plugins for Editor in 0.00 ms.
Mono: successfully reloaded assembly
- Completed reload, in  0.405 seconds
Domain Reload Profiling:
	ReloadAssembly (406ms)
		BeginReloadAssembly (49ms)
			ExecutionOrderSort (0ms)
			DisableScriptedObjects (0ms)
			BackupInstance (0ms)
			ReleaseScriptingObjects (0ms)
			CreateAndSetChildDomain (1ms)
		EndReloadAssembly (305ms)
			LoadAssemblies (47ms)
			RebuildTransferFunctionScriptingTraits (0ms)
			SetupTypeCache (94ms)
			ReleaseScriptCaches (0ms)
			RebuildScriptCaches (19ms)
			SetupLoadedEditorAssemblies (118ms)
				LogAssemblyErrors (0ms)
				InitializePlatformSupportModulesInManaged (3ms)
				SetLoadedEditorAssemblies (0ms)
				RefreshPlugins (23ms)
				BeforeProcessingInitializeOnLoad (13ms)
				ProcessInitializeOnLoadAttributes (59ms)
				ProcessInitializeOnLoadMethodAttributes (20ms)
				AfterProcessingInitializeOnLoad (0ms)
				EditorAssembliesLoaded (0ms)
			ExecutionOrderSort2 (0ms)
			AwakeInstancesAfterBackupRestoration (0ms)
Platform modules already initialized, skipping
Registering precompiled user dll's ...
Registered in 0.001499 seconds.
Begin MonoManager ReloadAssembly
Native extension for WindowsStandalone target not found
Refreshing native plugins compatible for Editor in 0.33 ms, found 2 plugins.
Preloading 0 native plugins for Editor in 0.00 ms.
Mono: successfully reloaded assembly
- Completed reload, in  0.696 seconds
Domain Reload Profiling:
	ReloadAssembly (696ms)
		BeginReloadAssembly (107ms)
			ExecutionOrderSort (0ms)
			DisableScriptedObjects (3ms)
			BackupInstance (0ms)
			ReleaseScriptingObjects (0ms)
			CreateAndSetChildDomain (17ms)
		EndReloadAssembly (546ms)
			LoadAssemblies (67ms)
			RebuildTransferFunctionScriptingTraits (0ms)
			SetupTypeCache (178ms)
			ReleaseScriptCaches (0ms)
			RebuildScriptCaches (27ms)
			SetupLoadedEditorAssemblies (222ms)
				LogAssemblyErrors (0ms)
				InitializePlatformSupportModulesInManaged (3ms)
				SetLoadedEditorAssemblies (0ms)
				RefreshPlugins (0ms)
				BeforeProcessingInitializeOnLoad (57ms)
				ProcessInitializeOnLoadAttributes (149ms)
				ProcessInitializeOnLoadMethodAttributes (7ms)
				AfterProcessingInitializeOnLoad (5ms)
				EditorAssembliesLoaded (0ms)
			ExecutionOrderSort2 (0ms)
			AwakeInstancesAfterBackupRestoration (5ms)
Platform modules already initialized, skipping
========================================================================
Worker process is ready to serve import requests
Launched and connected shader compiler UnityShaderCompiler.exe after 0.05 seconds
Refreshing native plugins compatible for Editor in 0.33 ms, found 2 plugins.
Preloading 0 native plugins for Editor in 0.00 ms.
Unloading 1502 Unused Serialized files (Serialized files now loaded: 0)
System memory in use before: 68.9 MB.
System memory in use after: 68.9 MB.

Unloading 16 unused Assets to reduce memory usage. Loaded Objects now: 1937.
Total: 2.490600 ms (FindLiveObjects: 0.128900 ms CreateObjectMapping: 0.043400 ms MarkObjects: 2.255100 ms  DeleteObjects: 0.062700 ms)

AssetImportParameters requested are different than current active one (requested -> active):
  custom:framework-win-MediaFoundation: 216162199b28c13a410421893ffa2e32 -> 
  custom:video-decoder-ogg-theora: a1e56fd34408186e4bbccfd4996cb3dc -> 
  custom:container-muxer-webm: aa71ff27fc2769a1b78a27578f13a17b -> 
  custom:container-demuxer-webm: 4f35f7cbe854078d1ac9338744f61a02 -> 
  custom:container-demuxer-ogg: 62fdf1f143b41e24485cea50d1cbac27 -> 
  custom:video-encoder-webm-vp8: eb34c28f22e8b96e1ab97ce403110664 -> 
  custom:video-codec-MediaFoundation-h265: 746d11721c4dcdbdad8f713fa42b33f4 -> 
  custom:video-decoder-webm-vp8: 9c59270c3fd7afecdb556c50c9e8de78 -> 
  custom:audio-decoder-ogg-vorbis: bf7c407c2cedff20999df2af8eb42d56 -> 
  custom:audio-encoder-webm-vorbis: bf7c407c2cedff20999df2af8eb42d56 -> 
========================================================================
Received Import Request.
  path: Assets/Assets/Shotgun.fbx
  artifactKey: Guid(c0453d9e1e09b9f4888a6004ceb031de) Importer(815301076,1909f56bfc062723c751e8b465ee728b)
Start importing Assets/Assets/Shotgun.fbx using Guid(c0453d9e1e09b9f4888a6004ceb031de) Importer(815301076,1909f56bfc062723c751e8b465ee728b)  -> (artifact id: '15d79c1bc620eba3af9f73d63ed96a73') in 0.272994 seconds 
========================================================================
Received Import Request.
  Time since last request: 170.920750 seconds.
  path: Assets/Shotgun.mb
  artifactKey: Guid(d356b96a1c22b57418126c2da398a200) Importer(815301076,1909f56bfc062723c751e8b465ee728b)
Start importing Assets/Shotgun.mb using Guid(d356b96a1c22b57418126c2da398a200) Importer(815301076,1909f56bfc062723c751e8b465ee728b)  -> (artifact id: '72305459dfa35b60f020527300196b78') in 0.026938 seconds 
========================================================================
Received Import Request.
  Time since last request: 53.078953 seconds.
  path: Assets/Assets
  artifactKey: Guid(9864d7cbcb1dea141b79d9ea720d2f0c) Importer(815301076,1909f56bfc062723c751e8b465ee728b)
Start importing Assets/Assets using Guid(9864d7cbcb1dea141b79d9ea720d2f0c) Importer(815301076,1909f56bfc062723c751e8b465ee728b)  -> (artifact id: '02ce8e57013309159ca3f88b31bb532b') in 0.004578 seconds 
========================================================================
Received Import Request.
  Time since last request: 170.278862 seconds.
  path: Assets/Assets/Shotgun.fbx
  artifactKey: Guid(c0453d9e1e09b9f4888a6004ceb031de) Importer(815301076,1909f56bfc062723c751e8b465ee728b)
Start importing Assets/Assets/Shotgun.fbx using Guid(c0453d9e1e09b9f4888a6004ceb031de) Importer(815301076,1909f56bfc062723c751e8b465ee728b)  -> (artifact id: '4e62c885e2cd1d8d059d5f9093fd89de') in 0.066857 seconds 
========================================================================
Received Prepare
Registering precompiled user dll's ...
Registered in 0.001528 seconds.
Begin MonoManager ReloadAssembly
Native extension for WindowsStandalone target not found
Refreshing native plugins compatible for Editor in 0.33 ms, found 2 plugins.
Preloading 0 native plugins for Editor in 0.00 ms.
Mono: successfully reloaded assembly
- Completed reload, in  0.672 seconds
Domain Reload Profiling:
	ReloadAssembly (672ms)
		BeginReloadAssembly (94ms)
			ExecutionOrderSort (0ms)
			DisableScriptedObjects (3ms)
			BackupInstance (0ms)
			ReleaseScriptingObjects (0ms)
			CreateAndSetChildDomain (28ms)
		EndReloadAssembly (532ms)
			LoadAssemblies (73ms)
			RebuildTransferFunctionScriptingTraits (0ms)
			SetupTypeCache (183ms)
			ReleaseScriptCaches (1ms)
			RebuildScriptCaches (23ms)
			SetupLoadedEditorAssemblies (203ms)
				LogAssemblyErrors (0ms)
				InitializePlatformSupportModulesInManaged (3ms)
				SetLoadedEditorAssemblies (0ms)
				RefreshPlugins (0ms)
				BeforeProcessingInitializeOnLoad (54ms)
				ProcessInitializeOnLoadAttributes (133ms)
				ProcessInitializeOnLoadMethodAttributes (6ms)
				AfterProcessingInitializeOnLoad (5ms)
				EditorAssembliesLoaded (0ms)
			ExecutionOrderSort2 (0ms)
			AwakeInstancesAfterBackupRestoration (5ms)
Platform modules already initialized, skipping
Refreshing native plugins compatible for Editor in 0.37 ms, found 2 plugins.
Preloading 0 native plugins for Editor in 0.00 ms.
Unloading 1496 Unused Serialized files (Serialized files now loaded: 0)
System memory in use before: 72.2 MB.
System memory in use after: 72.3 MB.

Unloading 11 unused Assets to reduce memory usage. Loaded Objects now: 1982.
Total: 2.203300 ms (FindLiveObjects: 0.103900 ms CreateObjectMapping: 0.033900 ms MarkObjects: 2.049700 ms  DeleteObjects: 0.015000 ms)

AssetImportParameters requested are different than current active one (requested -> active):
  custom:framework-win-MediaFoundation: 216162199b28c13a410421893ffa2e32 -> 
  custom:video-decoder-ogg-theora: a1e56fd34408186e4bbccfd4996cb3dc -> 
  custom:container-muxer-webm: aa71ff27fc2769a1b78a27578f13a17b -> 
  custom:container-demuxer-webm: 4f35f7cbe854078d1ac9338744f61a02 -> 
  custom:container-demuxer-ogg: 62fdf1f143b41e24485cea50d1cbac27 -> 
  custom:video-encoder-webm-vp8: eb34c28f22e8b96e1ab97ce403110664 -> 
  custom:video-codec-MediaFoundation-h265: 746d11721c4dcdbdad8f713fa42b33f4 -> 
  custom:video-decoder-webm-vp8: 9c59270c3fd7afecdb556c50c9e8de78 -> 
  custom:audio-decoder-ogg-vorbis: bf7c407c2cedff20999df2af8eb42d56 -> 
  custom:audio-encoder-webm-vorbis: bf7c407c2cedff20999df2af8eb42d56 -> 
========================================================================
Received Import Request.
  Time since last request: 111.497637 seconds.
  path: Assets/Assets/Shotgun1.fbx
  artifactKey: Guid(cf16dbfd849c61e448ed94ee35bdd6e8) Importer(815301076,1909f56bfc062723c751e8b465ee728b)
Start importing Assets/Assets/Shotgun1.fbx using Guid(cf16dbfd849c61e448ed94ee35bdd6e8) Importer(815301076,1909f56bfc062723c751e8b465ee728b)  -> (artifact id: '343645be51c2d4c75eadf4f96084e24b') in 0.070092 seconds 
========================================================================
Received Import Request.
  Time since last request: 500.338036 seconds.
  path: Assets/Shotgun.fbx
  artifactKey: Guid(09da7a7dd2008154e80df240775e549f) Importer(815301076,1909f56bfc062723c751e8b465ee728b)
Start importing Assets/Shotgun.fbx using Guid(09da7a7dd2008154e80df240775e549f) Importer(815301076,1909f56bfc062723c751e8b465ee728b)  -> (artifact id: 'e1bece7441d743e6bcded70ce1ccf966') in 0.104162 seconds 
========================================================================
Received Import Request.
  Time since last request: 27.458422 seconds.
  path: Assets/Shotgun.fbx
  artifactKey: Guid(09da7a7dd2008154e80df240775e549f) Importer(815301076,1909f56bfc062723c751e8b465ee728b)
Start importing Assets/Shotgun.fbx using Guid(09da7a7dd2008154e80df240775e549f) Importer(815301076,1909f56bfc062723c751e8b465ee728b)  -> (artifact id: '335f3c9d187465570200ca680e7644de') in 0.075906 seconds 
========================================================================
Received Import Request.
  Time since last request: 4.363705 seconds.
  path: Assets/Shotgun.fbx
  artifactKey: Guid(09da7a7dd2008154e80df240775e549f) Importer(815301076,1909f56bfc062723c751e8b465ee728b)
Start importing Assets/Shotgun.fbx using Guid(09da7a7dd2008154e80df240775e549f) Importer(815301076,1909f56bfc062723c751e8b465ee728b)  -> (artifact id: '10698933e8243943c46fb9c6d2196f12') in 0.069520 seconds 
========================================================================
Received Import Request.
  Time since last request: 350.473882 seconds.
  path: Assets/Plastic.mb
  artifactKey: Guid(cd3c62763a371454592563255b5b1e63) Importer(815301076,1909f56bfc062723c751e8b465ee728b)
Start importing Assets/Plastic.mb using Guid(cd3c62763a371454592563255b5b1e63) Importer(815301076,1909f56bfc062723c751e8b465ee728b)  -> (artifact id: 'e5a110351d592ea49be97028b0fc844b') in 0.005885 seconds 
AssetImportWorkerClient::OnTransportError - code=2 error=End of file
